emulator: Android virtual device file at: /home/jmularski/.android/avd/Pixel_2_API_28.ini
emulator: virtual device content at /home/jmularski/.android/avd/Pixel_2_API_28.avd
emulator: virtual device config file: /home/jmularski/.android/avd/Pixel_2_API_28.avd/config.ini
emulator: using core hw config path: /home/jmularski/.android/avd/Pixel_2_API_28.avd/hardware-qemu.ini
emulator: using snapshot lock path: /home/jmularski/.android/avd/Pixel_2_API_28.avd/snapshot.lock
emulator: Found AVD target API level: 28
emulator: Read property file at /home/jmularski/Android/Sdk/system-images/android-28/google_apis_playstore/x86//build.prop
emulator: No boot.prop property file found.
emulator: found skin 'pixel_2' in directory: /home/jmularski/Android/Sdk/skins/
emulator: autoconfig: -skin pixel_2
emulator: autoconfig: -skindir /home/jmularski/Android/Sdk/skins/
emulator: autoconfig: -kernel /home/jmularski/Android/Sdk/system-images/android-28/google_apis_playstore/x86//kernel-ranchu-64
emulator: Target arch = 'x86'
emulator: Auto-config: -qemu -cpu qemu32
emulator: Auto-detect: Kernel image requires new device naming scheme.
emulator: Auto-detect: Kernel does not support YAFFS2 partitions.
emulator: autoconfig: -ramdisk /home/jmularski/Android/Sdk/system-images/android-28/google_apis_playstore/x86//ramdisk.img
emulator: Using initial system image: /home/jmularski/Android/Sdk/system-images/android-28/google_apis_playstore/x86//system.img
emulator: Using initial vendor image: /home/jmularski/Android/Sdk/system-images/android-28/google_apis_playstore/x86//vendor.img
emulator: autoconfig: -data /home/jmularski/.android/avd/Pixel_2_API_28.avd/userdata-qemu.img
emulator: autoconfig: -initdata /home/jmularski/.android/avd/Pixel_2_API_28.avd/userdata.img
emulator: autoconfig: -cache /home/jmularski/.android/avd/Pixel_2_API_28.avd/cache.img
emulator: autoconfig: -sdcard /home/jmularski/.android/avd/Pixel_2_API_28.avd/sdcard.img
emulator: Physical RAM size: 1536MB

emulator: VM heap size 256MB is below hardware specified minimum of 384MB,setting it to that value
emulator: System image is read only
emulator: Found 1 DNS servers: 127.0.0.53
emulator: trying to load skin file '/home/jmularski/Android/Sdk/skins//pixel_2/layout'
emulator: CPU Acceleration: working
emulator: CPU Acceleration status: KVM (version 12) is installed and usable.
emulator: found skin 'pixel_2' in directory: /home/jmularski/Android/Sdk/skins/
emulator: GPU emulation enabled using 'host' mode
emulator: Initializing hardware OpenGLES emulation support
emulator: Found 1 DNS servers: 127.0.0.53
Content of hardware configuration file:
  hw.cpu.arch = x86
  hw.cpu.model = qemu32
  hw.cpu.ncore = 4
  hw.ramSize = 1536
  hw.screen = multi-touch
  hw.mainKeys = false
  hw.trackBall = false
  hw.keyboard = true
  hw.keyboard.lid = false
  hw.keyboard.charmap = qwerty2
  hw.dPad = false
  hw.rotaryInput = false
  hw.gsmModem = true
  hw.gps = true
  hw.battery = true
  hw.accelerometer = true
  hw.gyroscope = true
  hw.audioInput = true
  hw.audioOutput = true
  hw.sdCard = true
  hw.sdCard.path = /home/jmularski/.android/avd/Pixel_2_API_28.avd/sdcard.img
  disk.cachePartition = true
  disk.cachePartition.path = /home/jmularski/.android/avd/Pixel_2_API_28.avd/cache.img
  disk.cachePartition.size = 66m
  test.quitAfterBootTimeOut = -1
  hw.lcd.width = 1080
  hw.lcd.height = 1920
  hw.lcd.depth = 16
  hw.lcd.density = 420
  hw.lcd.backlight = true
  hw.gpu.enabled = true
  hw.gpu.mode = host
  hw.gpu.blacklisted = no
  hw.initialOrientation = Portrait
  hw.camera.back = virtualscene
  hw.camera.front = emulated
  vm.heapSize = 384
  hw.sensors.light = true
  hw.sensors.pressure = true
  hw.sensors.humidity = true
  hw.sensors.proximity = true
  hw.sensors.magnetic_field = true
  hw.sensors.magnetic_field_uncalibrated = true
  hw.sensors.gyroscope_uncalibrated = true
  hw.sensors.orientation = true
  hw.sensors.temperature = true
  hw.useext4 = true
  hw.arc = false
  hw.arc.autologin = false
  kernel.path = /home/jmularski/Android/Sdk/system-images/android-28/google_apis_playstore/x86//kernel-ranchu-64
  kernel.newDeviceNaming = yes
  kernel.supportsYaffs2 = no
  disk.ramdisk.path = /home/jmularski/Android/Sdk/system-images/android-28/google_apis_playstore/x86//ramdisk.img
  disk.systemPartition.initPath = /home/jmularski/Android/Sdk/system-images/android-28/google_apis_playstore/x86//system.img
  disk.systemPartition.size = 2641m
  disk.vendorPartition.initPath = /home/jmularski/Android/Sdk/system-images/android-28/google_apis_playstore/x86//vendor.img
  disk.vendorPartition.size = 800m
  disk.dataPartition.path = /home/jmularski/.android/avd/Pixel_2_API_28.avd/userdata-qemu.img
  disk.dataPartition.size = 2g
  disk.encryptionKeyPartition.path = /home/jmularski/.android/avd/Pixel_2_API_28.avd/encryptionkey.img
  PlayStore.enabled = true
  avd.name = Pixel_2_API_28
  fastboot.forceColdBoot = false
.
QEMU options list:
emulator: argv[00] = "/home/jmularski/Android/Sdk/emulator/qemu/linux-x86_64/qemu-system-x86_64"
emulator: argv[01] = "-dns-server"
emulator: argv[02] = "127.0.0.53"
emulator: argv[03] = "-no-audio"
emulator: argv[04] = "-serial"
emulator: argv[05] = "null"
emulator: argv[06] = "-device"
emulator: argv[07] = "goldfish_pstore,addr=0xff018000,size=0x10000,file=/home/jmularski/.android/avd/Pixel_2_API_28.avd/data/misc/pstore/pstore.bin"
emulator: argv[08] = "-cpu"
emulator: argv[09] = "android64"
emulator: argv[10] = "-enable-kvm"
emulator: argv[11] = "-smp"
emulator: argv[12] = "cores=4"
emulator: argv[13] = "-m"
emulator: argv[14] = "1536"
emulator: argv[15] = "-lcd-density"
emulator: argv[16] = "420"
emulator: argv[17] = "-object"
emulator: argv[18] = "iothread,id=disk-iothread"
emulator: argv[19] = "-nodefaults"
emulator: argv[20] = "-kernel"
emulator: argv[21] = "/home/jmularski/Android/Sdk/system-images/android-28/google_apis_playstore/x86//kernel-ranchu-64"
emulator: argv[22] = "-initrd"
emulator: argv[23] = "/home/jmularski/Android/Sdk/system-images/android-28/google_apis_playstore/x86//ramdisk.img"
emulator: argv[24] = "-drive"
emulator: argv[25] = "if=none,index=0,id=system,file=/home/jmularski/Android/Sdk/system-images/android-28/google_apis_playstore/x86//system.img,read-only"
emulator: argv[26] = "-device"
emulator: argv[27] = "virtio-blk-pci,drive=system,iothread=disk-iothread,modern-pio-notify"
emulator: argv[28] = "-drive"
emulator: argv[29] = "if=none,index=1,id=cache,file=/home/jmularski/.android/avd/Pixel_2_API_28.avd/cache.img.qcow2,overlap-check=none,cache=unsafe,l2-cache-size=1048576"
emulator: argv[30] = "-device"
emulator: argv[31] = "virtio-blk-pci,drive=cache,iothread=disk-iothread,modern-pio-notify"
emulator: argv[32] = "-drive"
emulator: argv[33] = "if=none,index=2,id=userdata,file=/home/jmularski/.android/avd/Pixel_2_API_28.avd/userdata-qemu.img.qcow2,overlap-check=none,cache=unsafe,l2-cache-size=1048576"
emulator: argv[34] = "-device"
emulator: argv[35] = "virtio-blk-pci,drive=userdata,iothread=disk-iothread,modern-pio-notify"
emulator: argv[36] = "-drive"
emulator: argv[37] = "if=none,index=3,id=encrypt,file=/home/jmularski/.android/avd/Pixel_2_API_28.avd/encryptionkey.img.qcow2,overlap-check=none,cache=unsafe,l2-cache-size=1048576"
emulator: argv[38] = "-device"
emulator: argv[39] = "virtio-blk-pci,drive=encrypt,iothread=disk-iothread,modern-pio-notify"
emulator: argv[40] = "-drive"
emulator: argv[41] = "if=none,index=4,id=vendor,file=/home/jmularski/Android/Sdk/system-images/android-28/google_apis_playstore/x86//vendor.img,read-only"
emulator: argv[42] = "-device"
emulator: argv[43] = "virtio-blk-pci,drive=vendor,iothread=disk-iothread,modern-pio-notify"
emulator: argv[44] = "-drive"
emulator: argv[45] = "if=none,index=5,id=sdcard,file=/home/jmularski/.android/avd/Pixel_2_API_28.avd/sdcard.img.qcow2,overlap-check=none,cache=unsafe,l2-cache-size=1048576"
emulator: argv[46] = "-device"
emulator: argv[47] = "virtio-blk-pci,drive=sdcard,iothread=disk-iothread,modern-pio-notify"
emulator: argv[48] = "-netdev"
emulator: argv[49] = "user,id=mynet"
emulator: argv[50] = "-device"
emulator: argv[51] = "virtio-net-pci,netdev=mynet"
emulator: argv[52] = "-device"
emulator: argv[53] = "virtio-rng-pci"
emulator: argv[54] = "-show-cursor"
emulator: argv[55] = "-L"
emulator: argv[56] = "/home/jmularski/Android/Sdk/emulator/lib/pc-bios"
emulator: argv[57] = "-soundhw"
emulator: argv[58] = "hda"
emulator: argv[59] = "-vga"
emulator: argv[60] = "none"
emulator: argv[61] = "-append"
emulator: argv[62] = "qemu=1 no_timer_check androidboot.hardware=ranchu clocksource=pit no-kvmclock android.qemud=1 console=0 android.checkjni=1 qemu.gles=1 qemu.encrypt=1 qemu.opengles.version=131072 cma=288M@0-4G qemu.wifi=1 mac80211_hwsim.channels=2 androidboot.android_dt_dir=/sys/bus/platform/devices/ANDR0001:00/properties/android/ skip_initramfs rootwait ro init=/init root=/dev/vda1 loop.max_part=7 ramoops.mem_address=0xff018000 ramoops.mem_size=0x10000 memmap=0x10000$0xff018000 qemu.dalvik.vm.heapsize=384m"
emulator: argv[63] = "-android-hw"
emulator: argv[64] = "/home/jmularski/.android/avd/Pixel_2_API_28.avd/hardware-qemu.ini"
Concatenated QEMU options:
 /home/jmularski/Android/Sdk/emulator/qemu/linux-x86_64/qemu-system-x86_64 -dns-server 127.0.0.53 -no-audio -serial null -device goldfish_pstore,addr=0xff018000,size=0x10000,file=/home/jmularski/.android/avd/Pixel_2_API_28.avd/data/misc/pstore/pstore.bin -cpu android64 -enable-kvm -smp cores=4 -m 1536 -lcd-density 420 -object iothread,id=disk-iothread -nodefaults -kernel /home/jmularski/Android/Sdk/system-images/android-28/google_apis_playstore/x86//kernel-ranchu-64 -initrd /home/jmularski/Android/Sdk/system-images/android-28/google_apis_playstore/x86//ramdisk.img -drive if=none,index=0,id=system,file=/home/jmularski/Android/Sdk/system-images/android-28/google_apis_playstore/x86//system.img,read-only -device virtio-blk-pci,drive=system,iothread=disk-iothread,modern-pio-notify -drive if=none,index=1,id=cache,file=/home/jmularski/.android/avd/Pixel_2_API_28.avd/cache.img.qcow2,overlap-check=none,cache=unsafe,l2-cache-size=1048576 -device virtio-blk-pci,drive=cache,iothread=disk-iothread,modern-pio-notify -drive if=none,index=2,id=userdata,file=/home/jmularski/.android/avd/Pixel_2_API_28.avd/userdata-qemu.img.qcow2,overlap-check=none,cache=unsafe,l2-cache-size=1048576 -device virtio-blk-pci,drive=userdata,iothread=disk-iothread,modern-pio-notify -drive if=none,index=3,id=encrypt,file=/home/jmularski/.android/avd/Pixel_2_API_28.avd/encryptionkey.img.qcow2,overlap-check=none,cache=unsafe,l2-cache-size=1048576 -device virtio-blk-pci,drive=encrypt,iothread=disk-iothread,modern-pio-notify -drive if=none,index=4,id=vendor,file=/home/jmularski/Android/Sdk/system-images/android-28/google_apis_playstore/x86//vendor.img,read-only -device virtio-blk-pci,drive=vendor,iothread=disk-iothread,modern-pio-notify -drive if=none,index=5,id=sdcard,file=/home/jmularski/.android/avd/Pixel_2_API_28.avd/sdcard.img.qcow2,overlap-check=none,cache=unsafe,l2-cache-size=1048576 -device virtio-blk-pci,drive=sdcard,iothread=disk-iothread,modern-pio-notify -netdev user,id=mynet -device virtio-net-pci,netdev=mynet -device virtio-rng-pci -show-cursor -L /home/jmularski/Android/Sdk/emulator/lib/pc-bios -soundhw hda -vga none -append 'qemu=1 no_timer_check androidboot.hardware=ranchu clocksource=pit no-kvmclock android.qemud=1 console=0 android.checkjni=1 qemu.gles=1 qemu.encrypt=1 qemu.opengles.version=131072 cma=288M@0-4G qemu.wifi=1 mac80211_hwsim.channels=2 androidboot.android_dt_dir=/sys/bus/platform/devices/ANDR0001:00/properties/android/ skip_initramfs rootwait ro init=/init root=/dev/vda1 loop.max_part=7 ramoops.mem_address=0xff018000 ramoops.mem_size=0x10000 memmap=0x10000$0xff018000 qemu.dalvik.vm.heapsize=384m' -android-hw /home/jmularski/.android/avd/Pixel_2_API_28.avd/hardware-qemu.ini
emulator: Android qemu version 27.3.10.0 (build_id 4969155) (CL:751f3c993c814a52adf144c159615ce457c2d282)

emulator: Starting QEMU main loop
emulator: registered 'boot-properties' qemud service
emulator: Adding boot property: 'ro.opengles.version' = '131072'
emulator: Adding boot property: 'qemu.sf.fake_camera' = 'front'
emulator: Adding boot property: 'qemu.adb.secure' = '1'
emulator: Adding boot property: 'dalvik.vm.heapsize' = '384m'
emulator: Adding boot property: 'qemu.hw.mainkeys' = '0'
emulator: Adding boot property: 'qemu.sf.lcd_density' = '420'
emulator: goldfish_events.have-dpad: false
emulator: goldfish_events.have-trackball: false
emulator: goldfish_events.have-camera: true
emulator: goldfish_events.have-keyboard: true
emulator: goldfish_events.have-lidswitch: false
emulator: goldfish_events.have-tabletmode: false
emulator: goldfish_events.have-touch: false
emulator: goldfish_events.have-multitouch: true
emulator: control console listening on port 5554, ADB on port 5555
Not using any http proxy
emulator: Adding boot property: 'qemu.timezone' = 'Europe/Warsaw'
emulator: android_hw_fingerprint_init: fingerprint qemud listen service initialized

emulator: found skin 'pixel_2' in directory: /home/jmularski/Android/Sdk/skins/
emulator: found skin 'pixel_2' in directory: /home/jmularski/Android/Sdk/skins/
Your emulator is out of date, please update by launching Android Studio:
 - Start Android Studio
 - Select menu "Tools > Android > SDK Manager"
 - Click "SDK Tools" tab
 - Check "Android Emulator" checkbox
 - Click "OK"

emulator: found skin 'pixel_2' in directory: /home/jmularski/Android/Sdk/skins/
emulator: found skin 'pixel_2' in directory: /home/jmularski/Android/Sdk/skins/
emulator: found skin 'pixel_2' in directory: /home/jmularski/Android/Sdk/skins/
emulator: found skin 'pixel_2' in directory: /home/jmularski/Android/Sdk/skins/
emulator: found skin 'pixel_2' in directory: /home/jmularski/Android/Sdk/skins/
emulator: _hwFingerprint_connect: connect finger print listen is called

emulator: got message from guest system fingerprint HAL

emulator: onGuestSendCommand: [0x7f7720bb10e0] Adb connected, start proxing data
emulator: INFO: boot completed
emulator: found skin 'pixel_2' in directory: /home/jmularski/Android/Sdk/skins/
